[2025-11-11 20:48:25] QUEUED
To: juan2409david@gmail.com
Subject: Recupera tu contrasena - Bolsa de Empleo SENA
Note: driver=log
Body: Hola,
Recibimos una solicitud para restablecer la contrasena de tu cuenta (persona).
Puedes crear una nueva contrasena ingresando al siguiente enlace antes de 11/11/2025 21:48 (60 minutos):
http://localhost:8000/index.php?view=recuperar_crear&token=3c863c0b2f31ba106e9ac43a7381adbb6ebf707ef7b140f414cfa136ceba2645
Si no solicitaste este cambio, puedes ignorar este mensaje.
Bolsa de Empleo SENA
------------------------------------------------------------
[2025-11-11 21:19:28] SENT
To: juan2409david@gmail.com
Subject: Recupera tu contrasena - Bolsa de Empleo SENA
Body: Hola,
Recibimos una solicitud para restablecer la contrasena de tu cuenta (persona).
Puedes crear una nueva contrasena ingresando al siguiente enlace antes de 11/11/2025 22:19 (60 minutos):
http://localhost:8000/index.php?view=recuperar_crear&token=ef62ecab31c00cfe9af80a2eb3da0f8245478239b4bec1b0f10a1324499dd834
Si no solicitaste este cambio, puedes ignorar este mensaje.
Bolsa de Empleo SENA
------------------------------------------------------------
[2025-11-11 21:19:30] SENT
To: juan2409david@gmail.com
Subject: Recupera tu contrasena - Bolsa de Empleo SENA
Body: Hola,
Recibimos una solicitud para restablecer la contrasena de tu cuenta (persona).
Puedes crear una nueva contrasena ingresando al siguiente enlace antes de 11/11/2025 22:19 (60 minutos):
http://localhost:8000/index.php?view=recuperar_crear&token=7d0c9b693bc53738372b9ca4702011eda2e2e8c8fd7ba637ab2f0c6d890c4c47
Si no solicitaste este cambio, puedes ignorar este mensaje.
Bolsa de Empleo SENA
------------------------------------------------------------
[2025-11-13 00:33:17] QUEUED
To: juan2409david@gmail.com
Subject: Recupera tu contrase人 - Bolsa de Empleo SENA
Note: SMTP Error: Could not authenticate.
Body: Hola,Recibimos una solicitud para restablecer la contrase人 de tu cuenta (persona).Puedes crear una nueva contrase人 ingresando al siguiente enlace antes de 2025-11-13 01:33:17:http://localhost:8000\/index.php?view=recuperar_crear&token=3c98a6f3cf8133c44af14e5c5b7d30302d7983c0a9c84e72aa8a0c41f03c4d0fSi no solicitaste este cambio, puedes ignorar este mensaje.
------------------------------------------------------------
[2025-11-13 00:39:26] QUEUED
To: juan2409david@gmail.com
Subject: Recupera tu contrase침a - Bolsa de Empleo SENA
Note: SMTP Error: Could not authenticate.
Body: Hola,Recibimos una solicitud para restablecer la contrase침a de tu cuenta (persona).Puedes crear una nueva contrase침a ingresando al siguiente enlace antes de 2025-11-13 01:39:25:http://localhost:8000\/index.php?view=recuperar_crear&token=290f3712cff9b27b1c2e00287676ab5f14e0820554fa1d69d18ab6d258cbab2eSi no solicitaste este cambio, puedes ignorar este mensaje.
------------------------------------------------------------
[2025-11-13 00:40:06] QUEUED
To: juan2409david@gmail.com
Subject: Recupera tu contrase침a - Bolsa de Empleo SENA
Note: SMTP Error: Could not authenticate.
Body: Hola,Recibimos una solicitud para restablecer la contrase침a de tu cuenta (persona).Puedes crear una nueva contrase침a ingresando al siguiente enlace antes de 2025-11-13 01:40:05:http://localhost:8000\/index.php?view=recuperar_crear&token=8319ef67ea64073d852a9222613f43312057bb5022e493f465665fb247be292bSi no solicitaste este cambio, puedes ignorar este mensaje.
------------------------------------------------------------
[2025-11-13 00:42:59] SENT
To: juan2409david@gmail.com
Subject: Recupera tu contrase침a - Bolsa de Empleo SENA
Body: Hola,Recibimos una solicitud para restablecer la contrase침a de tu cuenta (persona).Puedes crear una nueva contrase침a ingresando al siguiente enlace antes de 2025-11-13 01:42:56:http://localhost:8000\/index.php?view=recuperar_crear&token=84cb5c6539bd61298d94ac5626cd34717190bdc60d61226163aa3265e55d3310Si no solicitaste este cambio, puedes ignorar este mensaje.
------------------------------------------------------------
[2025-11-13 00:45:09] SENT
To: juan2409david@gmail.com
Subject: Recupera tu contrase침a - Bolsa de Empleo SENA
Body: Hola,Recibimos una solicitud para restablecer la contrase침a de tu cuenta (persona).Puedes crear una nueva contrase침a ingresando al siguiente enlace antes de 2025-11-13 01:45:07:http://localhost:8000\/index.php?view=recuperar_crear&token=5286af718848a30136f121fc290eeadcf38d86178b88f3bb92a4ec5830850d84Si no solicitaste este cambio, puedes ignorar este mensaje.
------------------------------------------------------------
[2025-11-13 00:47:21] SENT
To: juan2409david@gmail.com
Subject: Recupera tu contrase침a - Bolsa de Empleo SENA
Body: Hola,Recibimos una solicitud para restablecer la contrase침a de tu cuenta (persona).Puedes crear una nueva contrase침a ingresando al siguiente enlace antes de 2025-11-13 01:47:19:http://localhost:8000//index.php?view=recuperar_crear&token=1db62dc7d0512d466e8f2370cb817ef282dc68b70f73a837831deea866388cd0Si no solicitaste este cambio, puedes ignorar este mensaje.
------------------------------------------------------------
